<?xml version="1.0" encoding="UTF-8"?>
<testsuite name="ru.andrew.testapi.service.implementation.UploadRabbitServiceTest" tests="2" skipped="0" failures="0" errors="0" timestamp="2024-12-10T12:08:23" hostname="Noutbuk-Andrew.local" time="0.231">
  <properties/>
  <testcase name="upload_incorrectFiletype_noException()" classname="ru.andrew.testapi.service.implementation.UploadRabbitServiceTest" time="0.22"/>
  <testcase name="upload_correctFile_noException()" classname="ru.andrew.testapi.service.implementation.UploadRabbitServiceTest" time="0.01"/>
  <system-out><![CDATA[]]></system-out>
  <system-err><![CDATA[]]></system-err>
</testsuite>
